
> react-typescript-starter@0.1.0 test
> react-scripts test --coverage

Browserslist: caniuse-lite is outdated. Please run:
  npx browserslist@latest --update-db
  Why you should do it regularly: https://github.com/browserslist/browserslist#browsers-data-updating
PASS src/nested.test.ts
PASS src/arrays.test.ts
PASS src/objects.test.ts
PASS src/HtmlCss.test.tsx
  ● Console

    console.log
      rashford.jpg

      at Object.<anonymous> (src/App.tsx:9:9)

PASS src/functions.test.ts
PASS src/text.test.tsx
  ● Console

    console.log
      rashford.jpg

      at Object.<anonymous> (src/App.tsx:9:9)

PASS src/App.test.tsx
  ● Console

    console.log
      rashford.jpg

      at Object.<anonymous> (src/App.tsx:9:9)

----------------|---------|----------|---------|---------|-------------------
File            | % Stmts | % Branch | % Funcs | % Lines | Uncovered Line #s 
----------------|---------|----------|---------|---------|-------------------
All files       |   99.31 |    98.07 |     100 |   99.29 |                   
 src            |   99.31 |    98.07 |     100 |   99.29 |                   
  App.tsx       |     100 |      100 |     100 |     100 |                   
  arrays.ts     |     100 |      100 |     100 |     100 |                   
  functions.ts  |     100 |      100 |     100 |     100 |                   
  nested.ts     |   98.21 |    94.73 |     100 |   98.18 | 206               
  objects.ts    |     100 |      100 |     100 |     100 |                   
 src/interfaces |       0 |        0 |       0 |       0 |                   
  answer.ts     |       0 |        0 |       0 |       0 |                   
  question.ts   |       0 |        0 |       0 |       0 |                   
----------------|---------|----------|---------|---------|-------------------

Test Suites: 7 passed, 7 total
Tests:       49 passed, 49 total
Snapshots:   0 total
Time:        6.361 s
Ran all test suites.
